[06:58:09] [Yggdrasil Key Fetcher/ERROR]: Failed to request yggdrasil public key
com.mojang.authlib.exceptions.MinecraftClientException: Failed to read from https://api.minecraftservices.com/publickeys due to Connection reset by peer
	at com.mojang.authlib.minecraft.client.MinecraftClient.readInputStream(MinecraftClient.java:108) ~[authlib-5.0.47.jar:?]
	at com.mojang.authlib.minecraft.client.MinecraftClient.get(MinecraftClient.java:57) ~[authlib-5.0.47.jar:?]
	at com.mojang.authlib.yggdrasil.YggdrasilServicesKeyInfo.fetch(YggdrasilServicesKeyInfo.java:94) ~[authlib-5.0.47.jar:?]
	at com.mojang.authlib.yggdrasil.YggdrasilServicesKeyInfo.lambda$get$1(YggdrasilServicesKeyInfo.java:81) ~[authlib-5.0.47.jar:?]
	at java.util.concurrent.Executors$RunnableAdapter.call(Executors.java:539) ~[?:?]
	at java.util.concurrent.FutureTask.runAndReset(FutureTask.java:305) ~[?:?]
	at java.util.concurrent.ScheduledThreadPoolExecutor$ScheduledFutureTask.run(ScheduledThreadPoolExecutor.java:305) ~[?:?]
	at java.util.concurrent.ThreadPoolExecutor.runWorker(ThreadPoolExecutor.java:1136) ~[?:?]
	at java.util.concurrent.ThreadPoolExecutor$Worker.run(ThreadPoolExecutor.java:635) ~[?:?]
	at java.lang.Thread.run(Thread.java:833) ~[?:?]
Caused by: java.net.SocketException: Connection reset by peer
	at sun.nio.ch.NioSocketImpl.implWrite(NioSocketImpl.java:425) ~[?:?]
	at sun.nio.ch.NioSocketImpl.write(NioSocketImpl.java:445) ~[?:?]
	at sun.nio.ch.NioSocketImpl$2.write(NioSocketImpl.java:831) ~[?:?]
	at java.net.Socket$SocketOutputStream.write(Socket.java:1035) ~[?:?]
	at sun.security.ssl.SSLSocketOutputRecord.flush(SSLSocketOutputRecord.java:271) ~[?:?]
	at sun.security.ssl.HandshakeOutStream.flush(HandshakeOutStream.java:89) ~[?:?]
	at sun.security.ssl.ClientHello$ClientHelloKickstartProducer.produce(ClientHello.java:646) ~[?:?]
	at sun.security.ssl.SSLHandshake.kickstart(SSLHandshake.java:529) ~[?:?]
	at sun.security.ssl.ClientHandshakeContext.kickstart(ClientHandshakeContext.java:112) ~[?:?]
	at sun.security.ssl.TransportContext.kickstart(TransportContext.java:258) ~[?:?]
	at sun.security.ssl.SSLSocketImpl.startHandshake(SSLSocketImpl.java:448) ~[?:?]
	at sun.security.ssl.SSLSocketImpl.startHandshake(SSLSocketImpl.java:426) ~[?:?]
	at sun.net.www.protocol.https.HttpsClient.afterConnect(HttpsClient.java:589) ~[?:?]
	at sun.net.www.protocol.https.AbstractDelegateHttpsURLConnection.connect(AbstractDelegateHttpsURLConnection.java:187) ~[?:?]
	at sun.net.www.protocol.http.HttpURLConnection.getInputStream0(HttpURLConnection.java:1665) ~[?:?]
	at sun.net.www.protocol.http.HttpURLConnection.getInputStream(HttpURLConnection.java:1589) ~[?:?]
	at java.net.HttpURLConnection.getResponseCode(HttpURLConnection.java:529) ~[?:?]
	at sun.net.www.protocol.https.HttpsURLConnectionImpl.getResponseCode(HttpsURLConnectionImpl.java:308) ~[?:?]
	at com.mojang.authlib.minecraft.client.MinecraftClient.readInputStream(MinecraftClient.java:84) ~[authlib-5.0.47.jar:?]
	... 9 more
